{"C:\\Users\\isaa\\Documents\\Calidad\\loyalty-app\\loyalty-app\\backend\\src\\application\\authService.ts": {"path":"C:\\Users\\isaa\\Documents\\Calidad\\loyalty-app\\loyalty-app\\backend\\src\\application\\authService.ts","statementMap":{"0":{"start":{"line":28,"column":21},"end":{"line":28,"column":null}},"1":{"start":{"line":29,"column":21},"end":{"line":29,"column":null}},"2":{"start":{"line":33,"column":38},"end":{"line":33,"column":null}},"3":{"start":{"line":35,"column":4},"end":{"line":37,"column":null}},"4":{"start":{"line":36,"column":6},"end":{"line":36,"column":null}},"5":{"start":{"line":39,"column":4},"end":{"line":54,"column":null}},"6":{"start":{"line":40,"column":19},"end":{"line":40,"column":null}},"7":{"start":{"line":41,"column":19},"end":{"line":41,"column":null}},"8":{"start":{"line":42,"column":12},"end":{"line":42,"column":null}},"9":{"start":{"line":43,"column":6},"end":{"line":43,"column":null}},"10":{"start":{"line":45,"column":6},"end":{"line":45,"column":null}},"11":{"start":{"line":47,"column":6},"end":{"line":47,"column":null}},"12":{"start":{"line":49,"column":20},"end":{"line":49,"column":null}},"13":{"start":{"line":50,"column":6},"end":{"line":52,"column":null}},"14":{"start":{"line":51,"column":8},"end":{"line":51,"column":null}},"15":{"start":{"line":53,"column":6},"end":{"line":53,"column":null}},"16":{"start":{"line":58,"column":17},"end":{"line":58,"column":null}},"17":{"start":{"line":59,"column":4},"end":{"line":62,"column":null}},"18":{"start":{"line":60,"column":6},"end":{"line":60,"column":null}},"19":{"start":{"line":61,"column":6},"end":{"line":61,"column":null}},"20":{"start":{"line":64,"column":18},"end":{"line":64,"column":null}},"21":{"start":{"line":65,"column":4},"end":{"line":68,"column":null}},"22":{"start":{"line":66,"column":6},"end":{"line":66,"column":null}},"23":{"start":{"line":67,"column":6},"end":{"line":67,"column":null}},"24":{"start":{"line":70,"column":19},"end":{"line":70,"column":null}},"25":{"start":{"line":71,"column":22},"end":{"line":71,"column":null}},"26":{"start":{"line":72,"column":4},"end":{"line":74,"column":null}},"27":{"start":{"line":73,"column":6},"end":{"line":73,"column":null}},"28":{"start":{"line":76,"column":18},"end":{"line":80,"column":null}},"29":{"start":{"line":82,"column":4},"end":{"line":82,"column":null}},"30":{"start":{"line":84,"column":4},"end":{"line":84,"column":null}},"31":{"start":{"line":88,"column":17},"end":{"line":88,"column":null}},"32":{"start":{"line":89,"column":4},"end":{"line":91,"column":null}},"33":{"start":{"line":90,"column":6},"end":{"line":90,"column":null}},"34":{"start":{"line":92,"column":4},"end":{"line":92,"column":null}},"35":{"start":{"line":96,"column":17},"end":{"line":96,"column":null}},"36":{"start":{"line":97,"column":4},"end":{"line":99,"column":null}},"37":{"start":{"line":98,"column":6},"end":{"line":98,"column":null}},"38":{"start":{"line":101,"column":18},"end":{"line":101,"column":null}},"39":{"start":{"line":102,"column":20},"end":{"line":102,"column":null}},"40":{"start":{"line":103,"column":4},"end":{"line":103,"column":null}},"41":{"start":{"line":105,"column":4},"end":{"line":105,"column":null}},"42":{"start":{"line":107,"column":4},"end":{"line":110,"column":null}},"43":{"start":{"line":114,"column":17},"end":{"line":114,"column":null}},"44":{"start":{"line":115,"column":4},"end":{"line":117,"column":null}},"45":{"start":{"line":116,"column":6},"end":{"line":116,"column":null}},"46":{"start":{"line":119,"column":17},"end":{"line":119,"column":null}},"47":{"start":{"line":120,"column":4},"end":{"line":120,"column":null}},"48":{"start":{"line":122,"column":4},"end":{"line":122,"column":null}},"49":{"start":{"line":124,"column":4},"end":{"line":124,"column":null}}},"fnMap":{"0":{"name":"constructor","decl":{"start":{"line":27,"column":2},"end":{"line":27,"column":null}},"loc":{"start":{"line":30,"column":4},"end":{"line":30,"column":null}},"line":30},"1":{"name":"register","decl":{"start":{"line":32,"column":8},"end":{"line":32,"column":17}},"loc":{"start":{"line":32,"column":39},"end":{"line":55,"column":null}},"line":32},"2":{"name":"login","decl":{"start":{"line":57,"column":8},"end":{"line":57,"column":14}},"loc":{"start":{"line":57,"column":61},"end":{"line":85,"column":null}},"line":57},"3":{"name":"getProfile","decl":{"start":{"line":87,"column":8},"end":{"line":87,"column":19}},"loc":{"start":{"line":87,"column":35},"end":{"line":93,"column":null}},"line":87},"4":{"name":"forgotPassword","decl":{"start":{"line":95,"column":8},"end":{"line":95,"column":23}},"loc":{"start":{"line":95,"column":89},"end":{"line":111,"column":null}},"line":95},"5":{"name":"resetPassword","decl":{"start":{"line":113,"column":8},"end":{"line":113,"column":22}},"loc":{"start":{"line":113,"column":88},"end":{"line":125,"column":null}},"line":113}},"branchMap":{"0":{"loc":{"start":{"line":35,"column":4},"end":{"line":37,"column":null}},"type":"if","locations":[{"start":{"line":35,"column":4},"end":{"line":37,"column":null}},{"start":{},"end":{}}],"line":35},"1":{"loc":{"start":{"line":50,"column":6},"end":{"line":52,"column":null}},"type":"if","locations":[{"start":{"line":50,"column":6},"end":{"line":52,"column":null}},{"start":{},"end":{}}],"line":50},"2":{"loc":{"start":{"line":59,"column":4},"end":{"line":62,"column":null}},"type":"if","locations":[{"start":{"line":59,"column":4},"end":{"line":62,"column":null}},{"start":{},"end":{}}],"line":59},"3":{"loc":{"start":{"line":65,"column":4},"end":{"line":68,"column":null}},"type":"if","locations":[{"start":{"line":65,"column":4},"end":{"line":68,"column":null}},{"start":{},"end":{}}],"line":65},"4":{"loc":{"start":{"line":71,"column":22},"end":{"line":71,"column":null}},"type":"binary-expr","locations":[{"start":{"line":71,"column":22},"end":{"line":71,"column":52}},{"start":{"line":71,"column":52},"end":{"line":71,"column":null}}],"line":71},"5":{"loc":{"start":{"line":72,"column":4},"end":{"line":74,"column":null}},"type":"if","locations":[{"start":{"line":72,"column":4},"end":{"line":74,"column":null}},{"start":{},"end":{}}],"line":72},"6":{"loc":{"start":{"line":89,"column":4},"end":{"line":91,"column":null}},"type":"if","locations":[{"start":{"line":89,"column":4},"end":{"line":91,"column":null}},{"start":{},"end":{}}],"line":89},"7":{"loc":{"start":{"line":97,"column":4},"end":{"line":99,"column":null}},"type":"if","locations":[{"start":{"line":97,"column":4},"end":{"line":99,"column":null}},{"start":{},"end":{}}],"line":97},"8":{"loc":{"start":{"line":115,"column":4},"end":{"line":117,"column":null}},"type":"if","locations":[{"start":{"line":115,"column":4},"end":{"line":117,"column":null}},{"start":{},"end":{}}],"line":115}},"s":{"0":16,"1":16,"2":4,"3":4,"4":1,"5":3,"6":3,"7":3,"8":2,"9":2,"10":2,"11":2,"12":1,"13":1,"14":1,"15":0,"16":3,"17":3,"18":2,"19":2,"20":1,"21":1,"22":0,"23":0,"24":1,"25":1,"26":3,"27":0,"28":1,"29":1,"30":1,"31":2,"32":2,"33":1,"34":1,"35":2,"36":2,"37":1,"38":1,"39":1,"40":1,"41":1,"42":1,"43":2,"44":2,"45":1,"46":1,"47":1,"48":1,"49":1},"f":{"0":16,"1":4,"2":3,"3":2,"4":2,"5":2},"b":{"0":[1,3],"1":[1,0],"2":[2,1],"3":[0,1],"4":[1,0],"5":[0,3],"6":[1,1],"7":[1,1],"8":[1,1]},"meta":{"lastBranch":9,"lastFunction":6,"lastStatement":50,"seen":{"f:27:2:27:Infinity":0,"s:28:21:28:Infinity":0,"s:29:21:29:Infinity":1,"f:32:8:32:17":1,"s:33:38:33:Infinity":2,"b:35:4:37:Infinity:undefined:undefined:undefined:undefined":0,"s:35:4:37:Infinity":3,"s:36:6:36:Infinity":4,"s:39:4:54:Infinity":5,"s:40:19:40:Infinity":6,"s:41:19:41:Infinity":7,"s:42:12:42:Infinity":8,"s:43:6:43:Infinity":9,"s:45:6:45:Infinity":10,"s:47:6:47:Infinity":11,"s:49:20:49:Infinity":12,"b:50:6:52:Infinity:undefined:undefined:undefined:undefined":1,"s:50:6:52:Infinity":13,"s:51:8:51:Infinity":14,"s:53:6:53:Infinity":15,"f:57:8:57:14":2,"s:58:17:58:Infinity":16,"b:59:4:62:Infinity:undefined:undefined:undefined:undefined":2,"s:59:4:62:Infinity":17,"s:60:6:60:Infinity":18,"s:61:6:61:Infinity":19,"s:64:18:64:Infinity":20,"b:65:4:68:Infinity:undefined:undefined:undefined:undefined":3,"s:65:4:68:Infinity":21,"s:66:6:66:Infinity":22,"s:67:6:67:Infinity":23,"s:70:19:70:Infinity":24,"s:71:22:71:Infinity":25,"b:71:22:71:52:71:52:71:Infinity":4,"b:72:4:74:Infinity:undefined:undefined:undefined:undefined":5,"s:72:4:74:Infinity":26,"s:73:6:73:Infinity":27,"s:76:18:80:Infinity":28,"s:82:4:82:Infinity":29,"s:84:4:84:Infinity":30,"f:87:8:87:19":3,"s:88:17:88:Infinity":31,"b:89:4:91:Infinity:undefined:undefined:undefined:undefined":6,"s:89:4:91:Infinity":32,"s:90:6:90:Infinity":33,"s:92:4:92:Infinity":34,"f:95:8:95:23":4,"s:96:17:96:Infinity":35,"b:97:4:99:Infinity:undefined:undefined:undefined:undefined":7,"s:97:4:99:Infinity":36,"s:98:6:98:Infinity":37,"s:101:18:101:Infinity":38,"s:102:20:102:Infinity":39,"s:103:4:103:Infinity":40,"s:105:4:105:Infinity":41,"s:107:4:110:Infinity":42,"f:113:8:113:22":5,"s:114:17:114:Infinity":43,"b:115:4:117:Infinity:undefined:undefined:undefined:undefined":8,"s:115:4:117:Infinity":44,"s:116:6:116:Infinity":45,"s:119:17:119:Infinity":46,"s:120:4:120:Infinity":47,"s:122:4:122:Infinity":48,"s:124:4:124:Infinity":49},"fnNames":{}}}
,"C:\\Users\\isaa\\Documents\\Calidad\\loyalty-app\\loyalty-app\\backend\\src\\application\\pointsService.ts": {"path":"C:\\Users\\isaa\\Documents\\Calidad\\loyalty-app\\loyalty-app\\backend\\src\\application\\pointsService.ts","statementMap":{"0":{"start":{"line":15,"column":21},"end":{"line":15,"column":null}},"1":{"start":{"line":16,"column":21},"end":{"line":16,"column":null}},"2":{"start":{"line":20,"column":17},"end":{"line":20,"column":null}},"3":{"start":{"line":21,"column":4},"end":{"line":23,"column":null}},"4":{"start":{"line":22,"column":6},"end":{"line":22,"column":null}},"5":{"start":{"line":24,"column":4},"end":{"line":28,"column":null}},"6":{"start":{"line":32,"column":4},"end":{"line":32,"column":null}},"7":{"start":{"line":33,"column":10},"end":{"line":33,"column":null}},"8":{"start":{"line":35,"column":17},"end":{"line":35,"column":null}},"9":{"start":{"line":36,"column":4},"end":{"line":38,"column":null}},"10":{"start":{"line":37,"column":6},"end":{"line":37,"column":null}},"11":{"start":{"line":40,"column":4},"end":{"line":40,"column":null}},"12":{"start":{"line":41,"column":23},"end":{"line":41,"column":null}},"13":{"start":{"line":43,"column":4},"end":{"line":47,"column":null}},"14":{"start":{"line":49,"column":4},"end":{"line":54,"column":null}},"15":{"start":{"line":56,"column":4},"end":{"line":56,"column":null}}},"fnMap":{"0":{"name":"constructor","decl":{"start":{"line":14,"column":2},"end":{"line":14,"column":null}},"loc":{"start":{"line":17,"column":4},"end":{"line":17,"column":null}},"line":17},"1":{"name":"getBalance","decl":{"start":{"line":19,"column":8},"end":{"line":19,"column":19}},"loc":{"start":{"line":19,"column":35},"end":{"line":29,"column":null}},"line":19},"2":{"name":"addPoints","decl":{"start":{"line":31,"column":8},"end":{"line":31,"column":18}},"loc":{"start":{"line":31,"column":41},"end":{"line":57,"column":null}},"line":31}},"branchMap":{"0":{"loc":{"start":{"line":21,"column":4},"end":{"line":23,"column":null}},"type":"if","locations":[{"start":{"line":21,"column":4},"end":{"line":23,"column":null}},{"start":{},"end":{}}],"line":21},"1":{"loc":{"start":{"line":36,"column":4},"end":{"line":38,"column":null}},"type":"if","locations":[{"start":{"line":36,"column":4},"end":{"line":38,"column":null}},{"start":{},"end":{}}],"line":36}},"s":{"0":7,"1":7,"2":1,"3":1,"4":1,"5":0,"6":1,"7":1,"8":1,"9":1,"10":0,"11":1,"12":1,"13":1,"14":1,"15":1},"f":{"0":7,"1":1,"2":1},"b":{"0":[1,0],"1":[0,1]},"meta":{"lastBranch":2,"lastFunction":3,"lastStatement":16,"seen":{"f:14:2:14:Infinity":0,"s:15:21:15:Infinity":0,"s:16:21:16:Infinity":1,"f:19:8:19:19":1,"s:20:17:20:Infinity":2,"b:21:4:23:Infinity:undefined:undefined:undefined:undefined":0,"s:21:4:23:Infinity":3,"s:22:6:22:Infinity":4,"s:24:4:28:Infinity":5,"f:31:8:31:18":2,"s:32:4:32:Infinity":6,"s:33:10:33:Infinity":7,"s:35:17:35:Infinity":8,"b:36:4:38:Infinity:undefined:undefined:undefined:undefined":1,"s:36:4:38:Infinity":9,"s:37:6:37:Infinity":10,"s:40:4:40:Infinity":11,"s:41:23:41:Infinity":12,"s:43:4:47:Infinity":13,"s:49:4:54:Infinity":14,"s:56:4:56:Infinity":15},"fnNames":{}}}
,"C:\\Users\\isaa\\Documents\\Calidad\\loyalty-app\\loyalty-app\\backend\\src\\application\\rewardsService.ts": {"path":"C:\\Users\\isaa\\Documents\\Calidad\\loyalty-app\\loyalty-app\\backend\\src\\application\\rewardsService.ts","statementMap":{"0":{"start":{"line":9,"column":21},"end":{"line":9,"column":null}},"1":{"start":{"line":10,"column":21},"end":{"line":10,"column":null}},"2":{"start":{"line":14,"column":4},"end":{"line":14,"column":null}},"3":{"start":{"line":18,"column":17},"end":{"line":18,"column":null}},"4":{"start":{"line":19,"column":19},"end":{"line":19,"column":null}},"5":{"start":{"line":21,"column":4},"end":{"line":23,"column":null}},"6":{"start":{"line":22,"column":6},"end":{"line":22,"column":null}},"7":{"start":{"line":25,"column":4},"end":{"line":27,"column":null}},"8":{"start":{"line":26,"column":6},"end":{"line":26,"column":null}},"9":{"start":{"line":29,"column":10},"end":{"line":29,"column":null}},"10":{"start":{"line":31,"column":4},"end":{"line":31,"column":null}},"11":{"start":{"line":32,"column":4},"end":{"line":32,"column":null}},"12":{"start":{"line":33,"column":4},"end":{"line":33,"column":null}},"13":{"start":{"line":35,"column":4},"end":{"line":39,"column":null}},"14":{"start":{"line":41,"column":4},"end":{"line":45,"column":null}},"15":{"start":{"line":47,"column":4},"end":{"line":52,"column":null}},"16":{"start":{"line":61,"column":19},"end":{"line":61,"column":null}},"17":{"start":{"line":62,"column":4},"end":{"line":62,"column":null}},"18":{"start":{"line":63,"column":4},"end":{"line":63,"column":null}}},"fnMap":{"0":{"name":"constructor","decl":{"start":{"line":8,"column":2},"end":{"line":8,"column":null}},"loc":{"start":{"line":11,"column":4},"end":{"line":11,"column":null}},"line":11},"1":{"name":"listRewards","decl":{"start":{"line":13,"column":8},"end":{"line":13,"column":22}},"loc":{"start":{"line":13,"column":22},"end":{"line":15,"column":null}},"line":13},"2":{"name":"redeemReward","decl":{"start":{"line":17,"column":8},"end":{"line":17,"column":21}},"loc":{"start":{"line":17,"column":55},"end":{"line":53,"column":null}},"line":17},"3":{"name":"createReward","decl":{"start":{"line":55,"column":8},"end":{"line":55,"column":null}},"loc":{"start":{"line":60,"column":4},"end":{"line":64,"column":null}},"line":60}},"branchMap":{"0":{"loc":{"start":{"line":21,"column":4},"end":{"line":23,"column":null}},"type":"if","locations":[{"start":{"line":21,"column":4},"end":{"line":23,"column":null}},{"start":{},"end":{}}],"line":21},"1":{"loc":{"start":{"line":21,"column":8},"end":{"line":21,"column":26}},"type":"binary-expr","locations":[{"start":{"line":21,"column":8},"end":{"line":21,"column":17}},{"start":{"line":21,"column":17},"end":{"line":21,"column":26}}],"line":21},"2":{"loc":{"start":{"line":25,"column":4},"end":{"line":27,"column":null}},"type":"if","locations":[{"start":{"line":25,"column":4},"end":{"line":27,"column":null}},{"start":{},"end":{}}],"line":25},"3":{"loc":{"start":{"line":61,"column":79},"end":{"line":61,"column":89}},"type":"binary-expr","locations":[{"start":{"line":61,"column":79},"end":{"line":61,"column":88}},{"start":{"line":61,"column":88},"end":{"line":61,"column":89}}],"line":61}},"s":{"0":10,"1":10,"2":1,"3":3,"4":3,"5":3,"6":1,"7":2,"8":1,"9":1,"10":1,"11":1,"12":1,"13":1,"14":1,"15":1,"16":1,"17":1,"18":1},"f":{"0":10,"1":1,"2":3,"3":1},"b":{"0":[1,2],"1":[3,3],"2":[1,1],"3":[1,0]},"meta":{"lastBranch":4,"lastFunction":4,"lastStatement":19,"seen":{"f:8:2:8:Infinity":0,"s:9:21:9:Infinity":0,"s:10:21:10:Infinity":1,"f:13:8:13:22":1,"s:14:4:14:Infinity":2,"f:17:8:17:21":2,"s:18:17:18:Infinity":3,"s:19:19:19:Infinity":4,"b:21:4:23:Infinity:undefined:undefined:undefined:undefined":0,"s:21:4:23:Infinity":5,"b:21:8:21:17:21:17:21:26":1,"s:22:6:22:Infinity":6,"b:25:4:27:Infinity:undefined:undefined:undefined:undefined":2,"s:25:4:27:Infinity":7,"s:26:6:26:Infinity":8,"s:29:10:29:Infinity":9,"s:31:4:31:Infinity":10,"s:32:4:32:Infinity":11,"s:33:4:33:Infinity":12,"s:35:4:39:Infinity":13,"s:41:4:45:Infinity":14,"s:47:4:52:Infinity":15,"f:55:8:55:Infinity":3,"s:61:19:61:Infinity":16,"b:61:79:61:88:61:88:61:89":3,"s:62:4:62:Infinity":17,"s:63:4:63:Infinity":18},"fnNames":{}}}
,"C:\\Users\\isaa\\Documents\\Calidad\\loyalty-app\\loyalty-app\\backend\\src\\application\\storesService.ts": {"path":"C:\\Users\\isaa\\Documents\\Calidad\\loyalty-app\\loyalty-app\\backend\\src\\application\\storesService.ts","statementMap":{"0":{"start":{"line":5,"column":31},"end":{"line":5,"column":59}},"1":{"start":{"line":8,"column":19},"end":{"line":8,"column":null}},"2":{"start":{"line":9,"column":4},"end":{"line":9,"column":null}},"3":{"start":{"line":10,"column":4},"end":{"line":10,"column":null}}},"fnMap":{"0":{"name":"constructor","decl":{"start":{"line":5,"column":2},"end":{"line":5,"column":31}},"loc":{"start":{"line":5,"column":59},"end":{"line":5,"column":null}},"line":5},"1":{"name":"listStores","decl":{"start":{"line":7,"column":8},"end":{"line":7,"column":21}},"loc":{"start":{"line":7,"column":21},"end":{"line":11,"column":null}},"line":7}},"branchMap":{},"s":{"0":6,"1":1,"2":1,"3":1},"f":{"0":6,"1":1},"b":{},"meta":{"lastBranch":0,"lastFunction":2,"lastStatement":4,"seen":{"f:5:2:5:31":0,"s:5:31:5:59":0,"f:7:8:7:21":1,"s:8:19:8:Infinity":1,"s:9:4:9:Infinity":2,"s:10:4:10:Infinity":3},"fnNames":{}}}
,"C:\\Users\\isaa\\Documents\\Calidad\\loyalty-app\\loyalty-app\\backend\\src\\controllers\\authController.ts": {"path":"C:\\Users\\isaa\\Documents\\Calidad\\loyalty-app\\loyalty-app\\backend\\src\\controllers\\authController.ts","statementMap":{"0":{"start":{"line":10,"column":2},"end":{"line":76,"column":null}},"1":{"start":{"line":12,"column":6},"end":{"line":22,"column":null}},"2":{"start":{"line":13,"column":23},"end":{"line":13,"column":null}},"3":{"start":{"line":14,"column":8},"end":{"line":14,"column":null}},"4":{"start":{"line":16,"column":8},"end":{"line":19,"column":null}},"5":{"start":{"line":17,"column":10},"end":{"line":17,"column":null}},"6":{"start":{"line":18,"column":10},"end":{"line":18,"column":null}},"7":{"start":{"line":20,"column":24},"end":{"line":20,"column":null}},"8":{"start":{"line":21,"column":8},"end":{"line":21,"column":null}},"9":{"start":{"line":26,"column":6},"end":{"line":36,"column":null}},"10":{"start":{"line":27,"column":23},"end":{"line":27,"column":null}},"11":{"start":{"line":28,"column":8},"end":{"line":28,"column":null}},"12":{"start":{"line":30,"column":8},"end":{"line":33,"column":null}},"13":{"start":{"line":31,"column":10},"end":{"line":31,"column":null}},"14":{"start":{"line":32,"column":10},"end":{"line":32,"column":null}},"15":{"start":{"line":34,"column":24},"end":{"line":34,"column":null}},"16":{"start":{"line":35,"column":8},"end":{"line":35,"column":null}},"17":{"start":{"line":40,"column":6},"end":{"line":50,"column":null}},"18":{"start":{"line":41,"column":8},"end":{"line":44,"column":null}},"19":{"start":{"line":42,"column":10},"end":{"line":42,"column":null}},"20":{"start":{"line":43,"column":10},"end":{"line":43,"column":null}},"21":{"start":{"line":45,"column":21},"end":{"line":45,"column":null}},"22":{"start":{"line":46,"column":8},"end":{"line":46,"column":null}},"23":{"start":{"line":48,"column":24},"end":{"line":48,"column":null}},"24":{"start":{"line":49,"column":8},"end":{"line":49,"column":null}},"25":{"start":{"line":54,"column":6},"end":{"line":60,"column":null}},"26":{"start":{"line":55,"column":23},"end":{"line":55,"column":null}},"27":{"start":{"line":56,"column":8},"end":{"line":56,"column":null}},"28":{"start":{"line":58,"column":24},"end":{"line":58,"column":null}},"29":{"start":{"line":59,"column":8},"end":{"line":59,"column":null}},"30":{"start":{"line":64,"column":6},"end":{"line":74,"column":null}},"31":{"start":{"line":65,"column":23},"end":{"line":65,"column":null}},"32":{"start":{"line":66,"column":8},"end":{"line":66,"column":null}},"33":{"start":{"line":68,"column":8},"end":{"line":71,"column":null}},"34":{"start":{"line":69,"column":10},"end":{"line":69,"column":null}},"35":{"start":{"line":70,"column":10},"end":{"line":70,"column":null}},"36":{"start":{"line":72,"column":24},"end":{"line":72,"column":null}},"37":{"start":{"line":73,"column":8},"end":{"line":73,"column":null}}},"fnMap":{"0":{"name":"createAuthController","decl":{"start":{"line":9,"column":16},"end":{"line":9,"column":37}},"loc":{"start":{"line":9,"column":63},"end":{"line":77,"column":null}},"line":9},"1":{"name":"register","decl":{"start":{"line":11,"column":10},"end":{"line":11,"column":19}},"loc":{"start":{"line":11,"column":63},"end":{"line":23,"column":null}},"line":11},"2":{"name":"login","decl":{"start":{"line":25,"column":10},"end":{"line":25,"column":16}},"loc":{"start":{"line":25,"column":60},"end":{"line":37,"column":null}},"line":25},"3":{"name":"me","decl":{"start":{"line":39,"column":10},"end":{"line":39,"column":13}},"loc":{"start":{"line":39,"column":57},"end":{"line":51,"column":null}},"line":39},"4":{"name":"forgotPassword","decl":{"start":{"line":53,"column":10},"end":{"line":53,"column":25}},"loc":{"start":{"line":53,"column":69},"end":{"line":61,"column":null}},"line":53},"5":{"name":"resetPassword","decl":{"start":{"line":63,"column":10},"end":{"line":63,"column":24}},"loc":{"start":{"line":63,"column":68},"end":{"line":75,"column":null}},"line":63}},"branchMap":{"0":{"loc":{"start":{"line":16,"column":8},"end":{"line":19,"column":null}},"type":"if","locations":[{"start":{"line":16,"column":8},"end":{"line":19,"column":null}},{"start":{},"end":{}}],"line":16},"1":{"loc":{"start":{"line":20,"column":24},"end":{"line":20,"column":null}},"type":"cond-expr","locations":[{"start":{"line":20,"column":47},"end":{"line":20,"column":61}},{"start":{"line":20,"column":61},"end":{"line":20,"column":null}}],"line":20},"2":{"loc":{"start":{"line":30,"column":8},"end":{"line":33,"column":null}},"type":"if","locations":[{"start":{"line":30,"column":8},"end":{"line":33,"column":null}},{"start":{},"end":{}}],"line":30},"3":{"loc":{"start":{"line":34,"column":24},"end":{"line":34,"column":null}},"type":"cond-expr","locations":[{"start":{"line":34,"column":47},"end":{"line":34,"column":61}},{"start":{"line":34,"column":61},"end":{"line":34,"column":null}}],"line":34},"4":{"loc":{"start":{"line":41,"column":8},"end":{"line":44,"column":null}},"type":"if","locations":[{"start":{"line":41,"column":8},"end":{"line":44,"column":null}},{"start":{},"end":{}}],"line":41},"5":{"loc":{"start":{"line":48,"column":24},"end":{"line":48,"column":null}},"type":"cond-expr","locations":[{"start":{"line":48,"column":47},"end":{"line":48,"column":61}},{"start":{"line":48,"column":61},"end":{"line":48,"column":null}}],"line":48},"6":{"loc":{"start":{"line":58,"column":24},"end":{"line":58,"column":null}},"type":"cond-expr","locations":[{"start":{"line":58,"column":47},"end":{"line":58,"column":61}},{"start":{"line":58,"column":61},"end":{"line":58,"column":null}}],"line":58},"7":{"loc":{"start":{"line":68,"column":8},"end":{"line":71,"column":null}},"type":"if","locations":[{"start":{"line":68,"column":8},"end":{"line":71,"column":null}},{"start":{},"end":{}}],"line":68},"8":{"loc":{"start":{"line":72,"column":24},"end":{"line":72,"column":null}},"type":"cond-expr","locations":[{"start":{"line":72,"column":47},"end":{"line":72,"column":61}},{"start":{"line":72,"column":61},"end":{"line":72,"column":null}}],"line":72}},"s":{"0":12,"1":3,"2":3,"3":2,"4":1,"5":0,"6":0,"7":1,"8":1,"9":2,"10":2,"11":1,"12":1,"13":1,"14":1,"15":0,"16":1,"17":2,"18":2,"19":1,"20":1,"21":1,"22":1,"23":0,"24":0,"25":1,"26":1,"27":1,"28":0,"29":0,"30":1,"31":1,"32":0,"33":1,"34":1,"35":1,"36":0,"37":1},"f":{"0":12,"1":3,"2":2,"3":2,"4":1,"5":1},"b":{"0":[0,1],"1":[1,0],"2":[1,0],"3":[0,0],"4":[1,1],"5":[0,0],"6":[0,0],"7":[1,0],"8":[0,0]},"meta":{"lastBranch":9,"lastFunction":6,"lastStatement":38,"seen":{"f:9:16:9:37":0,"s:10:2:76:Infinity":0,"f:11:10:11:19":1,"s:12:6:22:Infinity":1,"s:13:23:13:Infinity":2,"s:14:8:14:Infinity":3,"b:16:8:19:Infinity:undefined:undefined:undefined:undefined":0,"s:16:8:19:Infinity":4,"s:17:10:17:Infinity":5,"s:18:10:18:Infinity":6,"s:20:24:20:Infinity":7,"b:20:47:20:61:20:61:20:Infinity":1,"s:21:8:21:Infinity":8,"f:25:10:25:16":2,"s:26:6:36:Infinity":9,"s:27:23:27:Infinity":10,"s:28:8:28:Infinity":11,"b:30:8:33:Infinity:undefined:undefined:undefined:undefined":2,"s:30:8:33:Infinity":12,"s:31:10:31:Infinity":13,"s:32:10:32:Infinity":14,"s:34:24:34:Infinity":15,"b:34:47:34:61:34:61:34:Infinity":3,"s:35:8:35:Infinity":16,"f:39:10:39:13":3,"s:40:6:50:Infinity":17,"b:41:8:44:Infinity:undefined:undefined:undefined:undefined":4,"s:41:8:44:Infinity":18,"s:42:10:42:Infinity":19,"s:43:10:43:Infinity":20,"s:45:21:45:Infinity":21,"s:46:8:46:Infinity":22,"s:48:24:48:Infinity":23,"b:48:47:48:61:48:61:48:Infinity":5,"s:49:8:49:Infinity":24,"f:53:10:53:25":4,"s:54:6:60:Infinity":25,"s:55:23:55:Infinity":26,"s:56:8:56:Infinity":27,"s:58:24:58:Infinity":28,"b:58:47:58:61:58:61:58:Infinity":6,"s:59:8:59:Infinity":29,"f:63:10:63:24":5,"s:64:6:74:Infinity":30,"s:65:23:65:Infinity":31,"s:66:8:66:Infinity":32,"b:68:8:71:Infinity:undefined:undefined:undefined:undefined":7,"s:68:8:71:Infinity":33,"s:69:10:69:Infinity":34,"s:70:10:70:Infinity":35,"s:72:24:72:Infinity":36,"b:72:47:72:61:72:61:72:Infinity":8,"s:73:8:73:Infinity":37},"fnNames":{}}}
,"C:\\Users\\isaa\\Documents\\Calidad\\loyalty-app\\loyalty-app\\backend\\src\\controllers\\pointsController.ts": {"path":"C:\\Users\\isaa\\Documents\\Calidad\\loyalty-app\\loyalty-app\\backend\\src\\controllers\\pointsController.ts","statementMap":{"0":{"start":{"line":6,"column":2},"end":{"line":43,"column":null}},"1":{"start":{"line":8,"column":6},"end":{"line":22,"column":null}},"2":{"start":{"line":9,"column":8},"end":{"line":12,"column":null}},"3":{"start":{"line":10,"column":10},"end":{"line":10,"column":null}},"4":{"start":{"line":11,"column":10},"end":{"line":11,"column":null}},"5":{"start":{"line":13,"column":24},"end":{"line":13,"column":null}},"6":{"start":{"line":14,"column":8},"end":{"line":14,"column":null}},"7":{"start":{"line":16,"column":8},"end":{"line":19,"column":null}},"8":{"start":{"line":17,"column":10},"end":{"line":17,"column":null}},"9":{"start":{"line":18,"column":10},"end":{"line":18,"column":null}},"10":{"start":{"line":20,"column":24},"end":{"line":20,"column":null}},"11":{"start":{"line":21,"column":8},"end":{"line":21,"column":null}},"12":{"start":{"line":26,"column":6},"end":{"line":41,"column":null}},"13":{"start":{"line":27,"column":8},"end":{"line":30,"column":null}},"14":{"start":{"line":28,"column":10},"end":{"line":28,"column":null}},"15":{"start":{"line":29,"column":10},"end":{"line":29,"column":null}},"16":{"start":{"line":31,"column":36},"end":{"line":31,"column":null}},"17":{"start":{"line":32,"column":23},"end":{"line":36,"column":null}},"18":{"start":{"line":37,"column":8},"end":{"line":37,"column":null}},"19":{"start":{"line":39,"column":24},"end":{"line":39,"column":null}},"20":{"start":{"line":40,"column":8},"end":{"line":40,"column":null}}},"fnMap":{"0":{"name":"createPointsController","decl":{"start":{"line":5,"column":16},"end":{"line":5,"column":39}},"loc":{"start":{"line":5,"column":69},"end":{"line":44,"column":null}},"line":5},"1":{"name":"getBalance","decl":{"start":{"line":7,"column":10},"end":{"line":7,"column":21}},"loc":{"start":{"line":7,"column":65},"end":{"line":23,"column":null}},"line":7},"2":{"name":"addPoints","decl":{"start":{"line":25,"column":10},"end":{"line":25,"column":20}},"loc":{"start":{"line":25,"column":64},"end":{"line":42,"column":null}},"line":25}},"branchMap":{"0":{"loc":{"start":{"line":9,"column":8},"end":{"line":12,"column":null}},"type":"if","locations":[{"start":{"line":9,"column":8},"end":{"line":12,"column":null}},{"start":{},"end":{}}],"line":9},"1":{"loc":{"start":{"line":16,"column":8},"end":{"line":19,"column":null}},"type":"if","locations":[{"start":{"line":16,"column":8},"end":{"line":19,"column":null}},{"start":{},"end":{}}],"line":16},"2":{"loc":{"start":{"line":20,"column":24},"end":{"line":20,"column":null}},"type":"cond-expr","locations":[{"start":{"line":20,"column":47},"end":{"line":20,"column":61}},{"start":{"line":20,"column":61},"end":{"line":20,"column":null}}],"line":20},"3":{"loc":{"start":{"line":27,"column":8},"end":{"line":30,"column":null}},"type":"if","locations":[{"start":{"line":27,"column":8},"end":{"line":30,"column":null}},{"start":{},"end":{}}],"line":27},"4":{"loc":{"start":{"line":39,"column":24},"end":{"line":39,"column":null}},"type":"cond-expr","locations":[{"start":{"line":39,"column":47},"end":{"line":39,"column":61}},{"start":{"line":39,"column":61},"end":{"line":39,"column":null}}],"line":39}},"s":{"0":9,"1":2,"2":2,"3":0,"4":0,"5":2,"6":1,"7":1,"8":1,"9":1,"10":0,"11":1,"12":2,"13":2,"14":0,"15":0,"16":2,"17":2,"18":1,"19":1,"20":1},"f":{"0":9,"1":2,"2":2},"b":{"0":[0,2],"1":[1,0],"2":[0,0],"3":[0,2],"4":[1,0]},"meta":{"lastBranch":5,"lastFunction":3,"lastStatement":21,"seen":{"f:5:16:5:39":0,"s:6:2:43:Infinity":0,"f:7:10:7:21":1,"s:8:6:22:Infinity":1,"b:9:8:12:Infinity:undefined:undefined:undefined:undefined":0,"s:9:8:12:Infinity":2,"s:10:10:10:Infinity":3,"s:11:10:11:Infinity":4,"s:13:24:13:Infinity":5,"s:14:8:14:Infinity":6,"b:16:8:19:Infinity:undefined:undefined:undefined:undefined":1,"s:16:8:19:Infinity":7,"s:17:10:17:Infinity":8,"s:18:10:18:Infinity":9,"s:20:24:20:Infinity":10,"b:20:47:20:61:20:61:20:Infinity":2,"s:21:8:21:Infinity":11,"f:25:10:25:20":2,"s:26:6:41:Infinity":12,"b:27:8:30:Infinity:undefined:undefined:undefined:undefined":3,"s:27:8:30:Infinity":13,"s:28:10:28:Infinity":14,"s:29:10:29:Infinity":15,"s:31:36:31:Infinity":16,"s:32:23:36:Infinity":17,"s:37:8:37:Infinity":18,"s:39:24:39:Infinity":19,"b:39:47:39:61:39:61:39:Infinity":4,"s:40:8:40:Infinity":20},"fnNames":{}}}
,"C:\\Users\\isaa\\Documents\\Calidad\\loyalty-app\\loyalty-app\\backend\\src\\controllers\\rewardsController.ts": {"path":"C:\\Users\\isaa\\Documents\\Calidad\\loyalty-app\\loyalty-app\\backend\\src\\controllers\\rewardsController.ts","statementMap":{"0":{"start":{"line":6,"column":2},"end":{"line":54,"column":null}},"1":{"start":{"line":8,"column":6},"end":{"line":14,"column":null}},"2":{"start":{"line":9,"column":24},"end":{"line":9,"column":null}},"3":{"start":{"line":10,"column":8},"end":{"line":10,"column":null}},"4":{"start":{"line":12,"column":24},"end":{"line":12,"column":null}},"5":{"start":{"line":13,"column":8},"end":{"line":13,"column":null}},"6":{"start":{"line":18,"column":6},"end":{"line":36,"column":null}},"7":{"start":{"line":19,"column":8},"end":{"line":22,"column":null}},"8":{"start":{"line":20,"column":10},"end":{"line":20,"column":null}},"9":{"start":{"line":21,"column":10},"end":{"line":21,"column":null}},"10":{"start":{"line":23,"column":23},"end":{"line":23,"column":null}},"11":{"start":{"line":24,"column":8},"end":{"line":24,"column":null}},"12":{"start":{"line":26,"column":8},"end":{"line":29,"column":null}},"13":{"start":{"line":27,"column":10},"end":{"line":27,"column":null}},"14":{"start":{"line":28,"column":10},"end":{"line":28,"column":null}},"15":{"start":{"line":30,"column":8},"end":{"line":33,"column":null}},"16":{"start":{"line":31,"column":10},"end":{"line":31,"column":null}},"17":{"start":{"line":32,"column":10},"end":{"line":32,"column":null}},"18":{"start":{"line":34,"column":24},"end":{"line":34,"column":null}},"19":{"start":{"line":35,"column":8},"end":{"line":35,"column":null}},"20":{"start":{"line":40,"column":6},"end":{"line":52,"column":null}},"21":{"start":{"line":41,"column":58},"end":{"line":41,"column":null}},"22":{"start":{"line":42,"column":23},"end":{"line":47,"column":null}},"23":{"start":{"line":48,"column":8},"end":{"line":48,"column":null}},"24":{"start":{"line":50,"column":24},"end":{"line":50,"column":null}},"25":{"start":{"line":51,"column":8},"end":{"line":51,"column":null}}},"fnMap":{"0":{"name":"createRewardsController","decl":{"start":{"line":5,"column":16},"end":{"line":5,"column":40}},"loc":{"start":{"line":5,"column":72},"end":{"line":55,"column":null}},"line":5},"1":{"name":"listRewards","decl":{"start":{"line":7,"column":10},"end":{"line":7,"column":22}},"loc":{"start":{"line":7,"column":67},"end":{"line":15,"column":null}},"line":7},"2":{"name":"redeemReward","decl":{"start":{"line":17,"column":10},"end":{"line":17,"column":23}},"loc":{"start":{"line":17,"column":67},"end":{"line":37,"column":null}},"line":17},"3":{"name":"createReward","decl":{"start":{"line":39,"column":10},"end":{"line":39,"column":23}},"loc":{"start":{"line":39,"column":67},"end":{"line":53,"column":null}},"line":39}},"branchMap":{"0":{"loc":{"start":{"line":12,"column":24},"end":{"line":12,"column":null}},"type":"cond-expr","locations":[{"start":{"line":12,"column":47},"end":{"line":12,"column":61}},{"start":{"line":12,"column":61},"end":{"line":12,"column":null}}],"line":12},"1":{"loc":{"start":{"line":19,"column":8},"end":{"line":22,"column":null}},"type":"if","locations":[{"start":{"line":19,"column":8},"end":{"line":22,"column":null}},{"start":{},"end":{}}],"line":19},"2":{"loc":{"start":{"line":26,"column":8},"end":{"line":29,"column":null}},"type":"if","locations":[{"start":{"line":26,"column":8},"end":{"line":29,"column":null}},{"start":{},"end":{}}],"line":26},"3":{"loc":{"start":{"line":30,"column":8},"end":{"line":33,"column":null}},"type":"if","locations":[{"start":{"line":30,"column":8},"end":{"line":33,"column":null}},{"start":{},"end":{}}],"line":30},"4":{"loc":{"start":{"line":34,"column":24},"end":{"line":34,"column":null}},"type":"cond-expr","locations":[{"start":{"line":34,"column":47},"end":{"line":34,"column":61}},{"start":{"line":34,"column":61},"end":{"line":34,"column":null}}],"line":34},"5":{"loc":{"start":{"line":46,"column":10},"end":{"line":46,"column":null}},"type":"binary-expr","locations":[{"start":{"line":46,"column":10},"end":{"line":46,"column":19}},{"start":{"line":46,"column":19},"end":{"line":46,"column":null}}],"line":46},"6":{"loc":{"start":{"line":50,"column":24},"end":{"line":50,"column":null}},"type":"cond-expr","locations":[{"start":{"line":50,"column":47},"end":{"line":50,"column":61}},{"start":{"line":50,"column":61},"end":{"line":50,"column":null}}],"line":50}},"s":{"0":9,"1":2,"2":2,"3":1,"4":1,"5":1,"6":1,"7":1,"8":0,"9":0,"10":1,"11":0,"12":1,"13":0,"14":0,"15":1,"16":1,"17":1,"18":0,"19":1,"20":1,"21":1,"22":1,"23":1,"24":0,"25":0},"f":{"0":9,"1":2,"2":1,"3":1},"b":{"0":[1,0],"1":[0,1],"2":[0,1],"3":[1,0],"4":[0,0],"5":[1,0],"6":[0,0]},"meta":{"lastBranch":7,"lastFunction":4,"lastStatement":26,"seen":{"f:5:16:5:40":0,"s:6:2:54:Infinity":0,"f:7:10:7:22":1,"s:8:6:14:Infinity":1,"s:9:24:9:Infinity":2,"s:10:8:10:Infinity":3,"s:12:24:12:Infinity":4,"b:12:47:12:61:12:61:12:Infinity":0,"s:13:8:13:Infinity":5,"f:17:10:17:23":2,"s:18:6:36:Infinity":6,"b:19:8:22:Infinity:undefined:undefined:undefined:undefined":1,"s:19:8:22:Infinity":7,"s:20:10:20:Infinity":8,"s:21:10:21:Infinity":9,"s:23:23:23:Infinity":10,"s:24:8:24:Infinity":11,"b:26:8:29:Infinity:undefined:undefined:undefined:undefined":2,"s:26:8:29:Infinity":12,"s:27:10:27:Infinity":13,"s:28:10:28:Infinity":14,"b:30:8:33:Infinity:undefined:undefined:undefined:undefined":3,"s:30:8:33:Infinity":15,"s:31:10:31:Infinity":16,"s:32:10:32:Infinity":17,"s:34:24:34:Infinity":18,"b:34:47:34:61:34:61:34:Infinity":4,"s:35:8:35:Infinity":19,"f:39:10:39:23":3,"s:40:6:52:Infinity":20,"s:41:58:41:Infinity":21,"s:42:23:47:Infinity":22,"b:46:10:46:19:46:19:46:Infinity":5,"s:48:8:48:Infinity":23,"s:50:24:50:Infinity":24,"b:50:47:50:61:50:61:50:Infinity":6,"s:51:8:51:Infinity":25},"fnNames":{}}}
,"C:\\Users\\isaa\\Documents\\Calidad\\loyalty-app\\loyalty-app\\backend\\src\\controllers\\storesController.ts": {"path":"C:\\Users\\isaa\\Documents\\Calidad\\loyalty-app\\loyalty-app\\backend\\src\\controllers\\storesController.ts","statementMap":{"0":{"start":{"line":5,"column":2},"end":{"line":15,"column":null}},"1":{"start":{"line":7,"column":6},"end":{"line":13,"column":null}},"2":{"start":{"line":8,"column":23},"end":{"line":8,"column":null}},"3":{"start":{"line":9,"column":8},"end":{"line":9,"column":null}},"4":{"start":{"line":11,"column":24},"end":{"line":11,"column":null}},"5":{"start":{"line":12,"column":8},"end":{"line":12,"column":null}}},"fnMap":{"0":{"name":"createStoresController","decl":{"start":{"line":4,"column":16},"end":{"line":4,"column":39}},"loc":{"start":{"line":4,"column":69},"end":{"line":16,"column":null}},"line":4},"1":{"name":"listStores","decl":{"start":{"line":6,"column":10},"end":{"line":6,"column":21}},"loc":{"start":{"line":6,"column":66},"end":{"line":14,"column":null}},"line":6}},"branchMap":{"0":{"loc":{"start":{"line":11,"column":24},"end":{"line":11,"column":null}},"type":"cond-expr","locations":[{"start":{"line":11,"column":47},"end":{"line":11,"column":61}},{"start":{"line":11,"column":61},"end":{"line":11,"column":null}}],"line":11}},"s":{"0":7,"1":2,"2":2,"3":1,"4":1,"5":1},"f":{"0":7,"1":2},"b":{"0":[1,0]},"meta":{"lastBranch":1,"lastFunction":2,"lastStatement":6,"seen":{"f:4:16:4:39":0,"s:5:2:15:Infinity":0,"f:6:10:6:21":1,"s:7:6:13:Infinity":1,"s:8:23:8:Infinity":2,"s:9:8:9:Infinity":3,"s:11:24:11:Infinity":4,"b:11:47:11:61:11:61:11:Infinity":0,"s:12:8:12:Infinity":5},"fnNames":{}}}
,"C:\\Users\\isaa\\Documents\\Calidad\\loyalty-app\\loyalty-app\\backend\\src\\domain\\errors.ts": {"path":"C:\\Users\\isaa\\Documents\\Calidad\\loyalty-app\\loyalty-app\\backend\\src\\domain\\errors.ts","statementMap":{"0":{"start":{"line":3,"column":4},"end":{"line":3,"column":null}},"1":{"start":{"line":4,"column":4},"end":{"line":4,"column":null}},"2":{"start":{"line":10,"column":4},"end":{"line":10,"column":null}},"3":{"start":{"line":11,"column":4},"end":{"line":11,"column":null}},"4":{"start":{"line":17,"column":4},"end":{"line":17,"column":null}},"5":{"start":{"line":18,"column":4},"end":{"line":18,"column":null}},"6":{"start":{"line":24,"column":4},"end":{"line":24,"column":null}},"7":{"start":{"line":25,"column":4},"end":{"line":25,"column":null}},"8":{"start":{"line":31,"column":4},"end":{"line":31,"column":null}},"9":{"start":{"line":32,"column":4},"end":{"line":32,"column":null}}},"fnMap":{"0":{"name":"constructor","decl":{"start":{"line":2,"column":2},"end":{"line":2,"column":16}},"loc":{"start":{"line":2,"column":16},"end":{"line":5,"column":null}},"line":2},"1":{"name":"constructor_2","decl":{"start":{"line":9,"column":2},"end":{"line":9,"column":16}},"loc":{"start":{"line":9,"column":16},"end":{"line":12,"column":null}},"line":9},"2":{"name":"constructor_3","decl":{"start":{"line":16,"column":2},"end":{"line":16,"column":14}},"loc":{"start":{"line":16,"column":31},"end":{"line":19,"column":null}},"line":16},"3":{"name":"constructor_4","decl":{"start":{"line":23,"column":2},"end":{"line":23,"column":16}},"loc":{"start":{"line":23,"column":16},"end":{"line":26,"column":null}},"line":23},"4":{"name":"constructor_5","decl":{"start":{"line":30,"column":2},"end":{"line":30,"column":16}},"loc":{"start":{"line":30,"column":16},"end":{"line":33,"column":null}},"line":30}},"branchMap":{},"s":{"0":2,"1":2,"2":4,"3":4,"4":4,"5":4,"6":3,"7":3,"8":3,"9":3},"f":{"0":2,"1":4,"2":4,"3":3,"4":3},"b":{},"meta":{"lastBranch":0,"lastFunction":5,"lastStatement":10,"seen":{"f:2:2:2:16":0,"s:3:4:3:Infinity":0,"s:4:4:4:Infinity":1,"f:9:2:9:16":1,"s:10:4:10:Infinity":2,"s:11:4:11:Infinity":3,"f:16:2:16:14":2,"s:17:4:17:Infinity":4,"s:18:4:18:Infinity":5,"f:23:2:23:16":3,"s:24:4:24:Infinity":6,"s:25:4:25:Infinity":7,"f:30:2:30:16":4,"s:31:4:31:Infinity":8,"s:32:4:32:Infinity":9},"fnNames":{}}}
,"C:\\Users\\isaa\\Documents\\Calidad\\loyalty-app\\loyalty-app\\backend\\src\\domain\\points.ts": {"path":"C:\\Users\\isaa\\Documents\\Calidad\\loyalty-app\\loyalty-app\\backend\\src\\domain\\points.ts","statementMap":{"0":{"start":{"line":2,"column":2},"end":{"line":4,"column":null}},"1":{"start":{"line":3,"column":4},"end":{"line":3,"column":null}},"2":{"start":{"line":5,"column":2},"end":{"line":5,"column":null}},"3":{"start":{"line":9,"column":2},"end":{"line":11,"column":null}},"4":{"start":{"line":10,"column":4},"end":{"line":10,"column":null}},"5":{"start":{"line":12,"column":2},"end":{"line":14,"column":null}},"6":{"start":{"line":13,"column":4},"end":{"line":13,"column":null}}},"fnMap":{"0":{"name":"calculatePointsEarned","decl":{"start":{"line":1,"column":16},"end":{"line":1,"column":38}},"loc":{"start":{"line":1,"column":62},"end":{"line":6,"column":null}},"line":1},"1":{"name":"validatePurchaseAmount","decl":{"start":{"line":8,"column":16},"end":{"line":8,"column":39}},"loc":{"start":{"line":8,"column":61},"end":{"line":15,"column":null}},"line":8}},"branchMap":{"0":{"loc":{"start":{"line":2,"column":2},"end":{"line":4,"column":null}},"type":"if","locations":[{"start":{"line":2,"column":2},"end":{"line":4,"column":null}},{"start":{},"end":{}}],"line":2},"1":{"loc":{"start":{"line":9,"column":2},"end":{"line":11,"column":null}},"type":"if","locations":[{"start":{"line":9,"column":2},"end":{"line":11,"column":null}},{"start":{},"end":{}}],"line":9},"2":{"loc":{"start":{"line":9,"column":6},"end":{"line":9,"column":58}},"type":"binary-expr","locations":[{"start":{"line":9,"column":6},"end":{"line":9,"column":36}},{"start":{"line":9,"column":36},"end":{"line":9,"column":58}}],"line":9},"3":{"loc":{"start":{"line":12,"column":2},"end":{"line":14,"column":null}},"type":"if","locations":[{"start":{"line":12,"column":2},"end":{"line":14,"column":null}},{"start":{},"end":{}}],"line":12}},"s":{"0":3,"1":1,"2":2,"3":3,"4":1,"5":2,"6":1},"f":{"0":3,"1":3},"b":{"0":[1,2],"1":[1,2],"2":[3,3],"3":[1,1]},"meta":{"lastBranch":4,"lastFunction":2,"lastStatement":7,"seen":{"f:1:16:1:38":0,"b:2:2:4:Infinity:undefined:undefined:undefined:undefined":0,"s:2:2:4:Infinity":0,"s:3:4:3:Infinity":1,"s:5:2:5:Infinity":2,"f:8:16:8:39":1,"b:9:2:11:Infinity:undefined:undefined:undefined:undefined":1,"s:9:2:11:Infinity":3,"b:9:6:9:36:9:36:9:58":2,"s:10:4:10:Infinity":4,"b:12:2:14:Infinity:undefined:undefined:undefined:undefined":3,"s:12:2:14:Infinity":5,"s:13:4:13:Infinity":6},"fnNames":{}}}
,"C:\\Users\\isaa\\Documents\\Calidad\\loyalty-app\\loyalty-app\\backend\\src\\domain\\rewards.ts": {"path":"C:\\Users\\isaa\\Documents\\Calidad\\loyalty-app\\loyalty-app\\backend\\src\\domain\\rewards.ts","statementMap":{"0":{"start":{"line":1,"column":19},"end":{"line":1,"column":null}},"1":{"start":{"line":8,"column":13},"end":{"line":8,"column":null}},"2":{"start":{"line":9,"column":2},"end":{"line":11,"column":null}},"3":{"start":{"line":9,"column":15},"end":{"line":9,"column":18}},"4":{"start":{"line":10,"column":4},"end":{"line":10,"column":null}},"5":{"start":{"line":12,"column":2},"end":{"line":12,"column":null}},"6":{"start":{"line":16,"column":2},"end":{"line":16,"column":null}},"7":{"start":{"line":20,"column":2},"end":{"line":20,"column":null}}},"fnMap":{"0":{"name":"generateRedemptionCode","decl":{"start":{"line":3,"column":16},"end":{"line":3,"column":null}},"loc":{"start":{"line":7,"column":10},"end":{"line":13,"column":null}},"line":7},"1":{"name":"hasSufficientPoints","decl":{"start":{"line":15,"column":16},"end":{"line":15,"column":36}},"loc":{"start":{"line":15,"column":76},"end":{"line":17,"column":null}},"line":15},"2":{"name":"generateCardNumber","decl":{"start":{"line":19,"column":16},"end":{"line":19,"column":35}},"loc":{"start":{"line":19,"column":75},"end":{"line":21,"column":null}},"line":19}},"branchMap":{"0":{"loc":{"start":{"line":6,"column":2},"end":{"line":6,"column":null}},"type":"default-arg","locations":[{"start":{"line":6,"column":27},"end":{"line":6,"column":null}}],"line":6},"1":{"loc":{"start":{"line":19,"column":35},"end":{"line":19,"column":75}},"type":"default-arg","locations":[{"start":{"line":19,"column":55},"end":{"line":19,"column":75}}],"line":19}},"s":{"0":4,"1":2,"2":2,"3":2,"4":16,"5":2,"6":4,"7":3},"f":{"0":2,"1":4,"2":3},"b":{"0":[2],"1":[3]},"meta":{"lastBranch":2,"lastFunction":3,"lastStatement":8,"seen":{"s:1:19:1:Infinity":0,"f:3:16:3:Infinity":0,"b:6:27:6:Infinity":0,"s:8:13:8:Infinity":1,"s:9:2:11:Infinity":2,"s:9:15:9:18":3,"s:10:4:10:Infinity":4,"s:12:2:12:Infinity":5,"f:15:16:15:36":1,"s:16:2:16:Infinity":6,"f:19:16:19:35":2,"b:19:55:19:75":1,"s:20:2:20:Infinity":7},"fnNames":{}}}
,"C:\\Users\\isaa\\Documents\\Calidad\\loyalty-app\\loyalty-app\\backend\\src\\domain\\validation.ts": {"path":"C:\\Users\\isaa\\Documents\\Calidad\\loyalty-app\\loyalty-app\\backend\\src\\domain\\validation.ts","statementMap":{"0":{"start":{"line":2,"column":2},"end":{"line":2,"column":null}},"1":{"start":{"line":6,"column":2},"end":{"line":6,"column":null}},"2":{"start":{"line":10,"column":2},"end":{"line":10,"column":null}}},"fnMap":{"0":{"name":"isValidEmail","decl":{"start":{"line":1,"column":16},"end":{"line":1,"column":29}},"loc":{"start":{"line":1,"column":53},"end":{"line":3,"column":null}},"line":1},"1":{"name":"isValidPassword","decl":{"start":{"line":5,"column":16},"end":{"line":5,"column":32}},"loc":{"start":{"line":5,"column":59},"end":{"line":7,"column":null}},"line":5},"2":{"name":"isValidRegistrationInput","decl":{"start":{"line":9,"column":16},"end":{"line":9,"column":41}},"loc":{"start":{"line":9,"column":97},"end":{"line":11,"column":null}},"line":9}},"branchMap":{"0":{"loc":{"start":{"line":6,"column":9},"end":{"line":6,"column":null}},"type":"binary-expr","locations":[{"start":{"line":6,"column":9},"end":{"line":6,"column":41}},{"start":{"line":6,"column":41},"end":{"line":6,"column":null}}],"line":6},"1":{"loc":{"start":{"line":10,"column":9},"end":{"line":10,"column":null}},"type":"binary-expr","locations":[{"start":{"line":10,"column":9},"end":{"line":10,"column":35}},{"start":{"line":10,"column":35},"end":{"line":10,"column":58}},{"start":{"line":10,"column":58},"end":{"line":10,"column":null}}],"line":10}},"s":{"0":6,"1":5,"2":6},"f":{"0":6,"1":5,"2":6},"b":{"0":[5,5],"1":[6,4,4]},"meta":{"lastBranch":2,"lastFunction":3,"lastStatement":3,"seen":{"f:1:16:1:29":0,"s:2:2:2:Infinity":0,"f:5:16:5:32":1,"s:6:2:6:Infinity":1,"b:6:9:6:41:6:41:6:Infinity":0,"f:9:16:9:41":2,"s:10:2:10:Infinity":2,"b:10:9:10:35:10:35:10:58:10:58:10:Infinity":1},"fnNames":{}}}
,"C:\\Users\\isaa\\Documents\\Calidad\\loyalty-app\\loyalty-app\\backend\\src\\infrastructure\\repositories\\index.ts": {"path":"C:\\Users\\isaa\\Documents\\Calidad\\loyalty-app\\loyalty-app\\backend\\src\\infrastructure\\repositories\\index.ts","statementMap":{"0":{"start":{"line":13,"column":31},"end":{"line":13,"column":43}},"1":{"start":{"line":16,"column":21},"end":{"line":19,"column":null}},"2":{"start":{"line":20,"column":4},"end":{"line":20,"column":null}},"3":{"start":{"line":24,"column":21},"end":{"line":27,"column":null}},"4":{"start":{"line":28,"column":4},"end":{"line":28,"column":null}},"5":{"start":{"line":32,"column":21},"end":{"line":35,"column":null}},"6":{"start":{"line":36,"column":4},"end":{"line":36,"column":null}},"7":{"start":{"line":40,"column":4},"end":{"line":43,"column":null}},"8":{"start":{"line":47,"column":21},"end":{"line":50,"column":null}},"9":{"start":{"line":51,"column":4},"end":{"line":51,"column":null}},"10":{"start":{"line":55,"column":4},"end":{"line":58,"column":null}},"11":{"start":{"line":70,"column":31},"end":{"line":70,"column":43}},"12":{"start":{"line":73,"column":4},"end":{"line":76,"column":null}},"13":{"start":{"line":80,"column":21},"end":{"line":83,"column":null}},"14":{"start":{"line":84,"column":4},"end":{"line":84,"column":null}},"15":{"start":{"line":88,"column":21},"end":{"line":91,"column":null}},"16":{"start":{"line":92,"column":4},"end":{"line":92,"column":null}},"17":{"start":{"line":96,"column":4},"end":{"line":99,"column":null}},"18":{"start":{"line":104,"column":31},"end":{"line":104,"column":43}},"19":{"start":{"line":107,"column":4},"end":{"line":110,"column":null}},"20":{"start":{"line":123,"column":31},"end":{"line":123,"column":43}},"21":{"start":{"line":126,"column":21},"end":{"line":128,"column":null}},"22":{"start":{"line":129,"column":4},"end":{"line":129,"column":null}},"23":{"start":{"line":133,"column":21},"end":{"line":136,"column":null}},"24":{"start":{"line":137,"column":4},"end":{"line":137,"column":null}},"25":{"start":{"line":141,"column":4},"end":{"line":141,"column":null}},"26":{"start":{"line":150,"column":21},"end":{"line":153,"column":null}},"27":{"start":{"line":154,"column":4},"end":{"line":154,"column":null}},"28":{"start":{"line":158,"column":4},"end":{"line":161,"column":null}},"29":{"start":{"line":173,"column":31},"end":{"line":173,"column":43}},"30":{"start":{"line":176,"column":21},"end":{"line":178,"column":null}},"31":{"start":{"line":179,"column":4},"end":{"line":179,"column":null}}},"fnMap":{"0":{"name":"constructor","decl":{"start":{"line":13,"column":2},"end":{"line":13,"column":31}},"loc":{"start":{"line":13,"column":43},"end":{"line":13,"column":null}},"line":13},"1":{"name":"findByEmail","decl":{"start":{"line":15,"column":8},"end":{"line":15,"column":20}},"loc":{"start":{"line":15,"column":63},"end":{"line":21,"column":null}},"line":15},"2":{"name":"findById","decl":{"start":{"line":23,"column":8},"end":{"line":23,"column":17}},"loc":{"start":{"line":23,"column":57},"end":{"line":29,"column":null}},"line":23},"3":{"name":"create","decl":{"start":{"line":31,"column":8},"end":{"line":31,"column":15}},"loc":{"start":{"line":31,"column":87},"end":{"line":37,"column":null}},"line":31},"4":{"name":"setResetToken","decl":{"start":{"line":39,"column":8},"end":{"line":39,"column":22}},"loc":{"start":{"line":39,"column":83},"end":{"line":44,"column":null}},"line":39},"5":{"name":"findByResetToken","decl":{"start":{"line":46,"column":8},"end":{"line":46,"column":25}},"loc":{"start":{"line":46,"column":72},"end":{"line":52,"column":null}},"line":46},"6":{"name":"updatePassword","decl":{"start":{"line":54,"column":8},"end":{"line":54,"column":23}},"loc":{"start":{"line":54,"column":76},"end":{"line":59,"column":null}},"line":54},"7":{"name":"constructor_2","decl":{"start":{"line":70,"column":2},"end":{"line":70,"column":31}},"loc":{"start":{"line":70,"column":43},"end":{"line":70,"column":null}},"line":70},"8":{"name":"create_2","decl":{"start":{"line":72,"column":8},"end":{"line":72,"column":15}},"loc":{"start":{"line":72,"column":66},"end":{"line":77,"column":null}},"line":72},"9":{"name":"findByUserId","decl":{"start":{"line":79,"column":8},"end":{"line":79,"column":21}},"loc":{"start":{"line":79,"column":72},"end":{"line":85,"column":null}},"line":79},"10":{"name":"addPoints","decl":{"start":{"line":87,"column":8},"end":{"line":87,"column":18}},"loc":{"start":{"line":87,"column":67},"end":{"line":93,"column":null}},"line":87},"11":{"name":"deductPoints","decl":{"start":{"line":95,"column":8},"end":{"line":95,"column":21}},"loc":{"start":{"line":95,"column":68},"end":{"line":100,"column":null}},"line":95},"12":{"name":"constructor_3","decl":{"start":{"line":104,"column":2},"end":{"line":104,"column":31}},"loc":{"start":{"line":104,"column":43},"end":{"line":104,"column":null}},"line":104},"13":{"name":"create_3","decl":{"start":{"line":106,"column":8},"end":{"line":106,"column":15}},"loc":{"start":{"line":106,"column":101},"end":{"line":111,"column":null}},"line":106},"14":{"name":"constructor_4","decl":{"start":{"line":123,"column":2},"end":{"line":123,"column":31}},"loc":{"start":{"line":123,"column":43},"end":{"line":123,"column":null}},"line":123},"15":{"name":"listAvailable","decl":{"start":{"line":125,"column":8},"end":{"line":125,"column":49}},"loc":{"start":{"line":125,"column":49},"end":{"line":130,"column":null}},"line":125},"16":{"name":"findById_2","decl":{"start":{"line":132,"column":8},"end":{"line":132,"column":17}},"loc":{"start":{"line":132,"column":65},"end":{"line":138,"column":null}},"line":132},"17":{"name":"decrementStock","decl":{"start":{"line":140,"column":8},"end":{"line":140,"column":23}},"loc":{"start":{"line":140,"column":56},"end":{"line":142,"column":null}},"line":140},"18":{"name":"create_4","decl":{"start":{"line":144,"column":8},"end":{"line":144,"column":null}},"loc":{"start":{"line":149,"column":27},"end":{"line":155,"column":null}},"line":149},"19":{"name":"createRedemption","decl":{"start":{"line":157,"column":8},"end":{"line":157,"column":25}},"loc":{"start":{"line":157,"column":74},"end":{"line":162,"column":null}},"line":157},"20":{"name":"constructor_5","decl":{"start":{"line":173,"column":2},"end":{"line":173,"column":31}},"loc":{"start":{"line":173,"column":43},"end":{"line":173,"column":null}},"line":173},"21":{"name":"listAll","decl":{"start":{"line":175,"column":8},"end":{"line":175,"column":42}},"loc":{"start":{"line":175,"column":42},"end":{"line":180,"column":null}},"line":175}},"branchMap":{"0":{"loc":{"start":{"line":20,"column":11},"end":{"line":20,"column":null}},"type":"binary-expr","locations":[{"start":{"line":20,"column":11},"end":{"line":20,"column":22}},{"start":{"line":20,"column":22},"end":{"line":20,"column":null}}],"line":20},"1":{"loc":{"start":{"line":28,"column":11},"end":{"line":28,"column":null}},"type":"binary-expr","locations":[{"start":{"line":28,"column":11},"end":{"line":28,"column":22}},{"start":{"line":28,"column":22},"end":{"line":28,"column":null}}],"line":28},"2":{"loc":{"start":{"line":51,"column":11},"end":{"line":51,"column":null}},"type":"binary-expr","locations":[{"start":{"line":51,"column":11},"end":{"line":51,"column":22}},{"start":{"line":51,"column":22},"end":{"line":51,"column":null}}],"line":51},"3":{"loc":{"start":{"line":84,"column":11},"end":{"line":84,"column":null}},"type":"binary-expr","locations":[{"start":{"line":84,"column":11},"end":{"line":84,"column":22}},{"start":{"line":84,"column":22},"end":{"line":84,"column":null}}],"line":84},"4":{"loc":{"start":{"line":137,"column":11},"end":{"line":137,"column":null}},"type":"binary-expr","locations":[{"start":{"line":137,"column":11},"end":{"line":137,"column":22}},{"start":{"line":137,"column":22},"end":{"line":137,"column":null}}],"line":137}},"s":{"0":8,"1":3,"2":3,"3":0,"4":0,"5":2,"6":2,"7":0,"8":0,"9":0,"10":0,"11":7,"12":1,"13":1,"14":1,"15":1,"16":1,"17":0,"18":6,"19":1,"20":7,"21":1,"22":1,"23":1,"24":1,"25":0,"26":0,"27":0,"28":0,"29":6,"30":1,"31":1},"f":{"0":8,"1":3,"2":0,"3":2,"4":0,"5":0,"6":0,"7":7,"8":1,"9":1,"10":1,"11":0,"12":6,"13":1,"14":7,"15":1,"16":1,"17":0,"18":0,"19":0,"20":6,"21":1},"b":{"0":[3,2],"1":[0,0],"2":[0,0],"3":[1,0],"4":[1,0]},"meta":{"lastBranch":5,"lastFunction":22,"lastStatement":32,"seen":{"f:13:2:13:31":0,"s:13:31:13:43":0,"f:15:8:15:20":1,"s:16:21:19:Infinity":1,"s:20:4:20:Infinity":2,"b:20:11:20:22:20:22:20:Infinity":0,"f:23:8:23:17":2,"s:24:21:27:Infinity":3,"s:28:4:28:Infinity":4,"b:28:11:28:22:28:22:28:Infinity":1,"f:31:8:31:15":3,"s:32:21:35:Infinity":5,"s:36:4:36:Infinity":6,"f:39:8:39:22":4,"s:40:4:43:Infinity":7,"f:46:8:46:25":5,"s:47:21:50:Infinity":8,"s:51:4:51:Infinity":9,"b:51:11:51:22:51:22:51:Infinity":2,"f:54:8:54:23":6,"s:55:4:58:Infinity":10,"f:70:2:70:31":7,"s:70:31:70:43":11,"f:72:8:72:15":8,"s:73:4:76:Infinity":12,"f:79:8:79:21":9,"s:80:21:83:Infinity":13,"s:84:4:84:Infinity":14,"b:84:11:84:22:84:22:84:Infinity":3,"f:87:8:87:18":10,"s:88:21:91:Infinity":15,"s:92:4:92:Infinity":16,"f:95:8:95:21":11,"s:96:4:99:Infinity":17,"f:104:2:104:31":12,"s:104:31:104:43":18,"f:106:8:106:15":13,"s:107:4:110:Infinity":19,"f:123:2:123:31":14,"s:123:31:123:43":20,"f:125:8:125:49":15,"s:126:21:128:Infinity":21,"s:129:4:129:Infinity":22,"f:132:8:132:17":16,"s:133:21:136:Infinity":23,"s:137:4:137:Infinity":24,"b:137:11:137:22:137:22:137:Infinity":4,"f:140:8:140:23":17,"s:141:4:141:Infinity":25,"f:144:8:144:Infinity":18,"s:150:21:153:Infinity":26,"s:154:4:154:Infinity":27,"f:157:8:157:25":19,"s:158:4:161:Infinity":28,"f:173:2:173:31":20,"s:173:31:173:43":29,"f:175:8:175:42":21,"s:176:21:178:Infinity":30,"s:179:4:179:Infinity":31},"fnNames":{}}}
}
